<?xml version="1.0" encoding="UTF-8"?>
<!-- Generated by org.testng.reporters.JUnitXMLReporter -->
<testsuite hostname="DESKTOP-HBCBIO0" ignored="3" name="Test" tests="2" failures="0" timestamp="09 Jun 2020 17:29:08 GMT" time="0.074" errors="0">
  <testcase name="testCase1" time="0.019" classname="org.Sample.Dependgroup"/>
  <testcase name="testCase5" time="0.001" classname="org.Sample.Dependgroup"/>
  <testcase name="testCase4" time="0.0" classname="org.Sample.Dependgroup">
    <ignored/>
  </testcase> <!-- testCase4 -->
  <testcase name="testCase3" time="0.0" classname="org.Sample.Dependgroup">
    <ignored/>
  </testcase> <!-- testCase3 -->
  <testcase name="testCase2" time="0.0" classname="org.Sample.Dependgroup">
    <ignored/>
  </testcase> <!-- testCase2 -->
</testsuite> <!-- Test -->
