<?xml version="1.0" encoding="UTF-8"?>
<testng-results skipped="0" failed="0" ignored="0" total="1" passed="1">
  <reporter-output>
  </reporter-output>
  <suite name="Default suite" duration-ms="82" started-at="2020-06-17T16:41:24Z" finished-at="2020-06-17T16:41:25Z">
    <groups>
    </groups>
    <test name="Default test" duration-ms="82" started-at="2020-06-17T16:41:24Z" finished-at="2020-06-17T16:41:25Z">
      <class name="org.Sample.Class1">
        <test-method status="PASS" signature="Method1()[pri:0, instance:org.Sample.Class1@6fb554cc]" name="Method1" duration-ms="16" started-at="2020-06-17T16:41:25Z" finished-at="2020-06-17T16:41:25Z">
          <reporter-output>
          </reporter-output>
        </test-method> <!-- Method1 -->
      </class> <!-- org.Sample.Class1 -->
    </test> <!-- Default test -->
  </suite> <!-- Default suite -->
</testng-results>
